TN:
SF:/home/beka/mxml-fuzzing/cov_runner.c
FN:8,53,main
FNDA:1859,main
FNF:1
FNH:1
DA:8,1859
DA:9,1859
DA:10,0
DA:11,0
DA:14,3718
DA:15,1859
DA:16,1859
DA:17,1859
DA:18,0
DA:19,0
DA:22,1859
DA:23,0
DA:24,0
DA:25,0
DA:28,1859
DA:29,1859
DA:30,0
DA:31,0
DA:32,0
DA:34,1859
DA:36,1859
DA:37,1859
DA:38,0
DA:39,0
DA:40,0
DA:43,1859
DA:44,1859
DA:47,1859
DA:49,1859
DA:52,1859
LF:30
LH:17
end_of_record
TN:
SF:/home/beka/mxml-fuzzing/fuzz_mxml.c
FN:5,18,LLVMFuzzerTestOneInput
FNDA:1859,LLVMFuzzerTestOneInput
FNF:1
FNH:1
DA:5,1859
DA:6,1859
DA:7,1858
DA:8,469509
DA:9,467651
DA:11,1858
DA:12,1858
DA:13,1858
DA:14,1858
DA:15,1858
DA:16,1858
DA:17,1858
LF:12
LH:12
end_of_record
TN:
SF:/home/beka/mxml-fuzzing/third_party/mxml/mxml-attr.c
FN:117,129,mxmlElementGetAttrByIndex
FN:141,148,mxmlElementGetAttrCount
FN:160,185,mxmlElementSetAttr
FN:197,223,mxmlElementSetAttrf
FN:231,271,mxml_set_attr
FN:29,64,mxmlElementClearAttr
FN:76,105,mxmlElementGetAttr
FNDA:0,mxmlElementGetAttrByIndex
FNDA:0,mxmlElementGetAttrCount
FNDA:7040,mxmlElementSetAttr
FNDA:0,mxmlElementSetAttrf
FNDA:7040,mxml_set_attr
FNDA:0,mxmlElementClearAttr
FNDA:7292,mxmlElementGetAttr
FNF:7
FNH:3
DA:29,0
DA:39,0
DA:40,0
DA:43,0
DA:47,0
DA:50,0
DA:51,0
DA:53,0
DA:54,0
DA:55,0
DA:57,0
DA:59,0
DA:60,0
DA:61,0
DA:76,7292
DA:86,7292
DA:87,0
DA:90,12696
DA:94,5414
DA:97,10
DA:104,7282
DA:117,0
DA:122,0
DA:123,0
DA:125,0
DA:126,0
DA:128,0
DA:141,0
DA:144,0
DA:145,0
DA:147,0
DA:160,7040
DA:170,7040
DA:171,0
DA:173,7040
DA:175,7040
DA:176,0
DA:180,0
DA:183,7040
DA:184,0
DA:197,0
DA:210,0
DA:211,0
DA:214,0
DA:215,0
DA:216,0
DA:218,0
DA:220,0
DA:221,0
DA:231,7040
DA:240,12334
DA:242,5294
DA:245,0
DA:246,0
DA:248,0
DA:253,7040
DA:255,3970
DA:256,0
DA:258,3970
DA:261,7040
DA:263,7040
DA:264,0
DA:266,7040
DA:268,7040
DA:270,7040
LF:65
LH:22
end_of_record
TN:
SF:/home/beka/mxml-fuzzing/third_party/mxml/mxml-file.c
FN:112,123,mxmlLoadFile
FN:140,164,mxmlLoadFilename
FN:1458,1720,mxml_parse_element
FN:1728,1753,mxml_read_cb_fd
FN:1761,1769,mxml_read_cb_file
FN:1777,1796,mxml_read_cb_string
FN:1804,1875,mxml_strtod
FN:1883,1908,mxml_io_cb_fd
FN:1916,1921,mxml_io_cb_file
FN:1929,1963,mxml_io_cb_string
FN:194,206,mxmlLoadIO
FN:1971,2176,mxml_write_node
FN:2184,2252,mxml_write_string
FN:223,243,mxmlLoadString
FN:2260,2275,mxml_write_ws
FN:262,289,mxmlSaveAllocString
FN:303,322,mxmlSaveFd
FN:336,356,mxmlSaveFile
FN:370,399,mxmlSaveFilename
FN:424,449,mxmlSaveIO
FN:463,488,mxmlSaveString
FN:496,552,mxml_add_char
FN:52,55,mxml_isspace
FN:560,618,mxml_get_entity
FN:626,797,mxml_getc
FN:805,1450,mxml_load_data
FN:84,95,mxmlLoadFd
FNDA:0,mxmlLoadFile
FNDA:0,mxmlLoadFilename
FNDA:4930,mxml_parse_element
FNDA:0,mxml_read_cb_fd
FNDA:0,mxml_read_cb_file
FNDA:394545,mxml_read_cb_string
FNDA:0,mxml_strtod
FNDA:0,mxml_io_cb_fd
FNDA:0,mxml_io_cb_file
FNDA:0,mxml_io_cb_string
FNDA:0,mxmlLoadIO
FNDA:0,mxml_write_node
FNDA:0,mxml_write_string
FNDA:1858,mxmlLoadString
FNDA:0,mxml_write_ws
FNDA:0,mxmlSaveAllocString
FNDA:0,mxmlSaveFd
FNDA:0,mxmlSaveFile
FNDA:0,mxmlSaveFilename
FNDA:0,mxmlSaveIO
FNDA:0,mxmlSaveString
FNDA:268319,mxml_add_char
FNDA:390485,mxml_isspace
FNDA:4744,mxml_get_entity
FNDA:380175,mxml_getc
FNDA:1858,mxml_load_data
FNDA:0,mxmlLoadFd
FNF:27
FNH:8
DA:52,390485
DA:54,390485
DA:84,0
DA:90,0
DA:91,0
DA:94,0
DA:112,0
DA:118,0
DA:119,0
DA:122,0
DA:140,0
DA:150,0
DA:151,0
DA:154,0
DA:155,0
DA:158,0
DA:161,0
DA:163,0
DA:194,0
DA:201,0
DA:202,0
DA:205,0
DA:223,1858
DA:232,1858
DA:233,0
DA:236,1858
DA:237,1858
DA:238,1858
DA:239,1858
DA:242,1858
DA:262,0
DA:270,0
DA:271,0
DA:273,0
DA:274,0
DA:275,0
DA:278,0
DA:280,0
DA:281,0
DA:285,0
DA:288,0
DA:303,0
DA:311,0
DA:312,0
DA:315,0
DA:317,0
DA:318,0
DA:321,0
DA:336,0
DA:345,0
DA:346,0
DA:349,0
DA:351,0
DA:352,0
DA:355,0
DA:370,0
DA:375,0
DA:381,0
DA:382,0
DA:385,0
DA:387,0
DA:389,0
DA:392,0
DA:393,0
DA:396,0
DA:398,0
DA:424,0
DA:434,0
DA:435,0
DA:438,0
DA:439,0
DA:441,0
DA:444,0
DA:445,0
DA:448,0
DA:463,0
DA:473,0
DA:474,0
DA:475,0
DA:476,0
DA:479,0
DA:480,0
DA:483,0
DA:484,0
DA:487,0
DA:496,268319
DA:505,268319
DA:508,570
DA:509,543
DA:511,27
DA:513,570
DA:515,0
DA:517,0
DA:520,570
DA:521,570
DA:524,268319
DA:527,258395
DA:529,9924
DA:532,739
DA:533,739
DA:535,9185
DA:538,8573
DA:539,8573
DA:540,8573
DA:545,612
DA:546,612
DA:547,612
DA:548,612
DA:551,268319
DA:560,4744
DA:574,4744
DA:576,16923
DA:578,16897
DA:582,12183
DA:584,12179
DA:588,4
DA:589,4
DA:593,4744
DA:595,4744
DA:597,71
DA:599,71
DA:600,2
DA:602,71
DA:605,4673
DA:607,4
DA:608,4
DA:611,4669
DA:613,3
DA:614,3
DA:617,4666
DA:626,380175
DA:636,273
DA:638,380448
DA:639,983
DA:641,379465
DA:643,379465
DA:645,370796
DA:647,370796
DA:650,364440
DA:652,6356
DA:655,242
DA:656,1
DA:658,241
DA:659,203
DA:662,38
DA:664,38
DA:666,6114
DA:669,287
DA:670,2
DA:672,285
DA:673,246
DA:676,39
DA:678,39
DA:680,5827
DA:683,1335
DA:684,10
DA:686,1325
DA:687,441
DA:689,884
DA:691,884
DA:693,211
DA:694,211
DA:697,4492
DA:700,1521
DA:701,1
DA:703,1520
DA:704,670
DA:706,850
DA:708,850
DA:710,230
DA:711,230
DA:715,620
DA:716,196
DA:718,2971
DA:721,1608
DA:722,3
DA:724,1605
DA:725,1215
DA:727,390
DA:729,390
DA:731,195
DA:732,195
DA:737,1363
DA:739,1292
DA:741,5009
DA:743,5009
DA:744,9
DA:746,5000
DA:748,5000
DA:753,202
DA:754,1
DA:756,201
DA:758,201
DA:759,6
DA:761,195
DA:763,4993
DA:765,3660
DA:767,3660
DA:768,8
DA:770,3652
DA:772,3652
DA:777,233
DA:778,1
DA:780,232
DA:782,232
DA:783,8
DA:785,224
DA:787,3643
DA:790,374368
DA:792,1676
DA:793,1676
DA:796,372692
DA:805,1858
DA:811,1858
DA:812,1858
DA:813,1858
DA:814,1858
DA:816,1858
DA:821,1858
DA:839,1858
DA:841,0
DA:842,0
DA:845,1858
DA:846,1858
DA:847,1858
DA:848,1858
DA:850,1858
DA:851,0
DA:852,1858
DA:853,1858
DA:855,0
DA:857,1858
DA:859,29
DA:860,29
DA:862,1829
DA:864,23
DA:865,23
DA:866,23
DA:871,90452
DA:874,12107
DA:876,12107
DA:878,0
DA:879,0
DA:880,0
DA:882,0
DA:883,0
DA:884,0
DA:886,0
DA:887,0
DA:888,0
DA:890,12107
DA:891,12107
DA:892,12107
DA:894,0
DA:895,0
DA:898,0
DA:900,0
DA:902,0
DA:903,0
DA:904,0
DA:906,0
DA:910,0
DA:911,0
DA:914,12107
DA:917,0
DA:918,0
DA:923,12107
DA:924,12107
DA:926,12107
DA:929,0
DA:930,0
DA:933,12107
DA:935,0
DA:936,0
DA:938,0
DA:939,0
DA:942,12107
DA:943,0
DA:945,78345
DA:947,16416
DA:950,90452
DA:951,11763
DA:954,90452
DA:956,9365
DA:958,9361
DA:960,9361
DA:962,0
DA:963,0
DA:965,0
DA:966,0
DA:969,9361
DA:970,0
DA:973,9365
DA:976,90452
DA:979,19945
DA:981,104204
DA:983,81223
DA:987,67395
DA:989,25
DA:990,25
DA:992,67370
DA:994,617
DA:995,22
DA:997,595
DA:998,0
DA:1000,66753
DA:1002,45
DA:1004,66708
DA:1006,0
DA:1008,66708
DA:1013,64314
DA:1014,194
DA:1017,19853
DA:1019,19853
DA:1022,18979
DA:1024,18422
DA:1026,18081
DA:1027,0
DA:1029,18081
DA:1030,1222
DA:1034,449
DA:1037,108
DA:1038,108
DA:1042,341
DA:1044,341
DA:1047,1
DA:1048,1
DA:1051,340
DA:1054,0
DA:1055,0
DA:1060,340
DA:1062,0
DA:1063,0
DA:1065,0
DA:1066,0
DA:1069,340
DA:1070,3
DA:1072,19404
DA:1075,4465
DA:1077,4118
DA:1080,303
DA:1081,303
DA:1083,3815
DA:1085,0
DA:1088,3815
DA:1089,328
DA:1093,325
DA:1096,22
DA:1097,22
DA:1101,303
DA:1103,303
DA:1106,1
DA:1107,1
DA:1110,302
DA:1113,0
DA:1114,0
DA:1119,302
DA:1121,0
DA:1122,0
DA:1124,0
DA:1125,0
DA:1128,302
DA:1129,2
DA:1131,19079
DA:1134,52290
DA:1136,49746
DA:1138,47860
DA:1139,0
DA:1141,47860
DA:1142,1415
DA:1146,2215
DA:1149,329
DA:1150,329
DA:1154,1886
DA:1156,1886
DA:1159,1
DA:1160,1
DA:1163,1885
DA:1166,0
DA:1167,0
DA:1172,1885
DA:1174,0
DA:1175,0
DA:1177,0
DA:1178,0
DA:1181,1885
DA:1183,1885
DA:1184,839
DA:1186,1885
DA:1188,839
DA:1190,839
DA:1191,0
DA:1192,839
DA:1193,839
DA:1195,0
DA:1199,16864
DA:1204,28876
DA:1206,4176
DA:1210,24700
DA:1212,1163
DA:1213,5
DA:1216,24695
DA:1217,0
DA:1220,24695
DA:1221,3338
DA:1223,24695
DA:1226,4290
DA:1229,114
DA:1230,114
DA:1234,4176
DA:1236,4176
DA:1239,1
DA:1240,1
DA:1243,4175
DA:1246,0
DA:1247,0
DA:1252,4175
DA:1254,0
DA:1255,0
DA:1257,0
DA:1258,0
DA:1261,4175
DA:1263,4175
DA:1264,43
DA:1266,4175
DA:1268,43
DA:1270,43
DA:1271,0
DA:1272,43
DA:1273,43
DA:1275,0
DA:1279,12569
DA:1284,2006
DA:1287,83
DA:1288,83
DA:1292,3914
DA:1293,1991
DA:1295,1923
DA:1296,1923
DA:1298,1923
DA:1300,0
DA:1301,0
DA:1303,0
DA:1305,0
DA:1306,0
DA:1308,0
DA:1313,1923
DA:1314,0
DA:1315,1923
DA:1316,1923
DA:1321,10563
DA:1324,5
DA:1325,5
DA:1328,10558
DA:1331,0
DA:1332,0
DA:1335,10558
DA:1339,4930
DA:1340,538
DA:1342,5628
DA:1346,308
DA:1348,28
DA:1349,28
DA:1350,28
DA:1351,28
DA:1354,280
DA:1357,9992
DA:1359,0
DA:1360,0
DA:1363,9992
DA:1364,332
DA:1366,9992
DA:1367,189
DA:1369,9803
DA:1372,8947
DA:1374,8947
DA:1375,0
DA:1376,8947
DA:1377,8947
DA:1379,0
DA:1381,856
DA:1383,0
DA:1384,0
DA:1386,0
DA:1388,0
DA:1389,0
DA:1391,0
DA:1396,18428
DA:1398,70507
DA:1401,1495
DA:1402,13
DA:1404,1482
DA:1405,0
DA:1407,69012
DA:1410,46081
DA:1411,0
DA:1414,88922
DA:1417,465
DA:1420,465
DA:1422,368
DA:1424,2198
DA:1425,1830
DA:1427,368
DA:1429,204
DA:1431,204
DA:1433,204
DA:1437,261
DA:1438,164
DA:1440,97
DA:1443,1341
DA:1445,1341
DA:1447,1341
DA:1449,1341
DA:1458,4930
DA:1476,4930
DA:1478,0
DA:1479,0
DA:1482,4930
DA:1484,4930
DA:1486,0
DA:1487,0
DA:1488,0
DA:1491,4930
DA:1494,15468
DA:1499,15293
DA:1501,4370
DA:1502,3548
DA:1504,4370
DA:1508,10923
DA:1511,619
DA:1513,619
DA:1515,43
DA:1516,43
DA:1519,576
DA:1521,10304
DA:1523,31
DA:1524,31
DA:1526,10273
DA:1528,2946
DA:1532,7327
DA:1533,7327
DA:1534,0
DA:1536,7327
DA:1539,34
DA:1541,6659
DA:1543,6637
DA:1545,589
DA:1546,10
DA:1548,6048
DA:1550,591
DA:1553,6627
DA:1554,0
DA:1556,6627
DA:1557,2
DA:1563,19989
DA:1565,19924
DA:1567,7203
DA:1568,290
DA:1569,7203
DA:1573,12721
DA:1575,364
DA:1576,25
DA:1579,12696
DA:1580,0
DA:1585,7292
DA:1587,7292
DA:1589,10
DA:1590,10
DA:1593,8468
DA:1595,1186
DA:1597,1186
DA:1598,416
DA:1601,7282
DA:1604,16851
DA:1606,2737
DA:1607,493
DA:1610,7057
DA:1612,14
DA:1613,14
DA:1616,7043
DA:1619,2099
DA:1620,2099
DA:1622,16793
DA:1624,16054
DA:1626,1358
DA:1630,14696
DA:1632,197
DA:1633,2
DA:1635,14499
DA:1637,1244
DA:1640,14694
DA:1641,0
DA:1645,2097
DA:1650,4944
DA:1651,4944
DA:1652,0
DA:1654,17658
DA:1656,15375
DA:1658,2660
DA:1659,1024
DA:1661,2660
DA:1665,12715
DA:1667,319
DA:1668,1
DA:1671,12714
DA:1672,0
DA:1676,4943
DA:1680,7040
DA:1685,225
DA:1686,225
DA:1690,7040
DA:1693,308
DA:1695,308
DA:1697,2
DA:1698,2
DA:1701,308
DA:1703,6732
DA:1704,564
DA:1708,4569
DA:1709,4569
DA:1711,4569
DA:1714,361
DA:1716,361
DA:1717,361
DA:1719,361
DA:1728,0
DA:1742,0
DA:1744,0
DA:1745,0
DA:1749,0
DA:1750,0
DA:1752,0
DA:1761,0
DA:1765,0
DA:1766,0
DA:1768,0
DA:1777,394545
DA:1785,394545
DA:1786,1019
DA:1788,394545
DA:1791,393527
DA:1792,393527
DA:1795,394545
DA:1804,0
DA:1814,0
DA:1815,0
DA:1818,0
DA:1819,0
DA:1820,0
DA:1822,0
DA:1823,0
DA:1825,0
DA:1827,0
DA:1829,0
DA:1833,0
DA:1834,0
DA:1838,0
DA:1841,0
DA:1843,0
DA:1845,0
DA:1847,0
DA:1848,0
DA:1852,0
DA:1853,0
DA:1858,0
DA:1860,0
DA:1861,0
DA:1863,0
DA:1866,0
DA:1868,0
DA:1869,0
DA:1872,0
DA:1874,0
DA:1883,0
DA:1897,0
DA:1899,0
DA:1900,0
DA:1904,0
DA:1905,0
DA:1907,0
DA:1916,0
DA:1920,0
DA:1929,0
DA:1938,0
DA:1944,0
DA:1945,0
DA:1946,0
DA:1948,0
DA:1949,0
DA:1950,0
DA:1954,0
DA:1955,0
DA:1956,0
DA:1957,0
DA:1959,0
DA:1960,0
DA:1962,0
DA:1971,0
DA:1990,0
DA:1995,0
DA:1997,0
DA:1998,0
DA:1999,0
DA:2000,0
DA:2001,0
DA:2002,0
DA:2003,0
DA:2005,0
DA:2006,0
DA:2007,0
DA:2008,0
DA:2009,0
DA:2010,0
DA:2011,0
DA:2013,0
DA:2014,0
DA:2015,0
DA:2016,0
DA:2017,0
DA:2018,0
DA:2019,0
DA:2021,0
DA:2022,0
DA:2023,0
DA:2024,0
DA:2025,0
DA:2026,0
DA:2027,0
DA:2029,0
DA:2030,0
DA:2031,0
DA:2032,0
DA:2034,0
DA:2036,0
DA:2038,0
DA:2039,0
DA:2041,0
DA:2042,0
DA:2044,0
DA:2046,0
DA:2048,0
DA:2050,0
DA:2051,0
DA:2052,0
DA:2056,0
DA:2057,0
DA:2058,0
DA:2060,0
DA:2061,0
DA:2064,0
DA:2065,0
DA:2067,0
DA:2071,0
DA:2072,0
DA:2073,0
DA:2075,0
DA:2076,0
DA:2077,0
DA:2079,0
DA:2080,0
DA:2083,0
DA:2084,0
DA:2086,0
DA:2090,0
DA:2092,0
DA:2096,0
DA:2099,0
DA:2100,0
DA:2102,0
DA:2106,0
DA:2107,0
DA:2109,0
DA:2110,0
DA:2112,0
DA:2115,0
DA:2116,0
DA:2118,0
DA:2121,0
DA:2122,0
DA:2124,0
DA:2125,0
DA:2126,0
DA:2128,0
DA:2129,0
DA:2131,0
DA:2133,0
DA:2134,0
DA:2136,0
DA:2137,0
DA:2141,0
DA:2143,0
DA:2146,0
DA:2151,0
DA:2153,0
DA:2157,0
DA:2159,0
DA:2161,0
DA:2162,0
DA:2163,0
DA:2164,0
DA:2165,0
DA:2168,0
DA:2169,0
DA:2175,0
DA:2184,0
DA:2199,0
DA:2200,0
DA:2202,0
DA:2204,0
DA:2205,0
DA:2206,0
DA:2208,0
DA:2211,0
DA:2213,0
DA:2214,0
DA:2217,0
DA:2220,0
DA:2221,0
DA:2223,0
DA:2225,0
DA:2228,0
DA:2230,0
DA:2233,0
DA:2238,0
DA:2242,0
DA:2245,0
DA:2247,0
DA:2248,0
DA:2251,0
DA:2260,0
DA:2271,0
DA:2272,0
DA:2274,0
LF:833
LH:451
end_of_record
TN:
SF:/home/beka/mxml-fuzzing/third_party/mxml/mxml-get.c
FN:104,112,mxmlGetDirective
FN:123,131,mxmlGetElement
FN:142,146,mxmlGetFirstChild
FN:158,171,mxmlGetInteger
FN:182,185,mxmlGetLastChild
FN:196,199,mxmlGetNextSibling
FN:210,223,mxmlGetOpaque
FN:23,31,mxmlGetCDATA
FN:233,236,mxmlGetParent
FN:247,250,mxmlGetPrevSibling
FN:261,274,mxmlGetReal
FN:293,327,mxmlGetText
FN:338,346,mxmlGetType
FN:356,364,mxmlGetUserData
FN:42,50,mxmlGetComment
FN:61,74,mxmlGetCustom
FN:85,93,mxmlGetDeclaration
FNDA:0,mxmlGetDirective
FNDA:611,mxmlGetElement
FNDA:0,mxmlGetFirstChild
FNDA:0,mxmlGetInteger
FNDA:0,mxmlGetLastChild
FNDA:0,mxmlGetNextSibling
FNDA:0,mxmlGetOpaque
FNDA:0,mxmlGetCDATA
FNDA:0,mxmlGetParent
FNDA:0,mxmlGetPrevSibling
FNDA:0,mxmlGetReal
FNDA:0,mxmlGetText
FNDA:0,mxmlGetType
FNDA:0,mxmlGetUserData
FNDA:0,mxmlGetComment
FNDA:0,mxmlGetCustom
FNDA:0,mxmlGetDeclaration
FNF:17
FNH:1
DA:23,0
DA:26,0
DA:27,0
DA:30,0
DA:42,0
DA:45,0
DA:46,0
DA:49,0
DA:61,0
DA:64,0
DA:65,0
DA:68,0
DA:69,0
DA:70,0
DA:71,0
DA:73,0
DA:85,0
DA:88,0
DA:89,0
DA:92,0
DA:104,0
DA:107,0
DA:108,0
DA:111,0
DA:123,611
DA:126,611
DA:127,30
DA:130,581
DA:142,0
DA:145,0
DA:158,0
DA:161,0
DA:162,0
DA:165,0
DA:166,0
DA:167,0
DA:168,0
DA:170,0
DA:182,0
DA:184,0
DA:196,0
DA:198,0
DA:210,0
DA:213,0
DA:214,0
DA:217,0
DA:218,0
DA:219,0
DA:220,0
DA:222,0
DA:233,0
DA:235,0
DA:247,0
DA:249,0
DA:261,0
DA:264,0
DA:265,0
DA:268,0
DA:269,0
DA:270,0
DA:271,0
DA:273,0
DA:293,0
DA:297,0
DA:299,0
DA:300,0
DA:302,0
DA:306,0
DA:308,0
DA:309,0
DA:311,0
DA:313,0
DA:315,0
DA:316,0
DA:318,0
DA:322,0
DA:323,0
DA:325,0
DA:338,0
DA:341,0
DA:342,0
DA:345,0
DA:356,0
DA:359,0
DA:360,0
DA:363,0
LF:86
LH:4
end_of_record
TN:
SF:/home/beka/mxml-fuzzing/third_party/mxml/mxml-index.c
FN:189,197,mxmlIndexGetCount
FN:213,272,mxmlIndexNew
FN:285,301,mxmlIndexReset
FN:29,39,mxmlIndexDelete
FN:309,329,index_compare
FN:337,361,index_find
FN:371,418,index_sort
FN:53,64,mxmlIndexEnum
FN:79,181,mxmlIndexFind
FNDA:0,mxmlIndexGetCount
FNDA:0,mxmlIndexNew
FNDA:0,mxmlIndexReset
FNDA:0,mxmlIndexDelete
FNDA:0,index_compare
FNDA:0,index_find
FNDA:0,index_sort
FNDA:0,mxmlIndexEnum
FNDA:0,mxmlIndexFind
FNF:9
FNH:0
DA:29,0
DA:32,0
DA:33,0
DA:36,0
DA:37,0
DA:38,0
DA:53,0
DA:56,0
DA:57,0
DA:60,0
DA:61,0
DA:63,0
DA:79,0
DA:92,0
DA:95,0
DA:99,0
DA:100,0
DA:103,0
DA:106,0
DA:110,0
DA:113,0
DA:114,0
DA:118,0
DA:120,0
DA:124,0
DA:129,0
DA:130,0
DA:135,0
DA:137,0
DA:139,0
DA:141,0
DA:145,0
DA:152,0
DA:154,0
DA:158,0
DA:160,0
DA:165,0
DA:167,0
DA:169,0
DA:173,0
DA:177,0
DA:180,0
DA:189,0
DA:192,0
DA:193,0
DA:196,0
DA:213,0
DA:225,0
DA:226,0
DA:229,0
DA:230,0
DA:232,0
DA:234,0
DA:236,0
DA:237,0
DA:241,0
DA:242,0
DA:244,0
DA:246,0
DA:248,0
DA:250,0
DA:253,0
DA:254,0
DA:257,0
DA:258,0
DA:261,0
DA:263,0
DA:267,0
DA:268,0
DA:271,0
DA:285,0
DA:290,0
DA:291,0
DA:294,0
DA:297,0
DA:298,0
DA:300,0
DA:309,0
DA:317,0
DA:318,0
DA:321,0
DA:323,0
DA:324,0
DA:328,0
DA:337,0
DA:346,0
DA:348,0
DA:349,0
DA:353,0
DA:355,0
DA:356,0
DA:360,0
DA:371,0
DA:385,0
DA:387,0
DA:390,0
DA:391,0
DA:394,0
DA:395,0
DA:398,0
DA:400,0
DA:401,0
DA:402,0
DA:407,0
DA:409,0
DA:410,0
DA:414,0
DA:415,0
DA:417,0
DA:418,0
LF:110
LH:0
end_of_record
TN:
SF:/home/beka/mxml-fuzzing/third_party/mxml/mxml-node.c
FN:123,162,mxmlDelete
FN:174,182,mxmlGetRefCount
FN:195,218,mxmlNewCDATA
FN:231,257,mxmlNewCDATAf
FN:270,293,mxmlNewComment
FN:306,332,mxmlNewCommentf
FN:34,111,mxmlAdd
FN:344,364,mxmlNewCustom
FN:377,401,mxmlNewDeclaration
FN:414,441,mxmlNewDeclarationf
FN:454,477,mxmlNewDirective
FN:490,516,mxmlNewDirectivef
FN:528,545,mxmlNewElement
FN:557,570,mxmlNewInteger
FN:583,600,mxmlNewOpaque
FN:613,639,mxmlNewOpaquef
FN:651,664,mxmlNewReal
FN:678,699,mxmlNewText
FN:713,741,mxmlNewTextf
FN:752,774,mxmlRemove
FN:785,793,mxmlNewXML
FN:804,826,mxmlRelease
FN:834,849,mxmlRetain
FN:859,914,mxml_free
FN:922,949,mxml_new
FNDA:1834,mxmlDelete
FNDA:0,mxmlGetRefCount
FNDA:302,mxmlNewCDATA
FNDA:0,mxmlNewCDATAf
FNDA:340,mxmlNewComment
FNDA:0,mxmlNewCommentf
FNDA:37097,mxmlAdd
FNDA:0,mxmlNewCustom
FNDA:4175,mxmlNewDeclaration
FNDA:0,mxmlNewDeclarationf
FNDA:1885,mxmlNewDirective
FNDA:0,mxmlNewDirectivef
FNDA:10558,mxmlNewElement
FNDA:0,mxmlNewInteger
FNDA:0,mxmlNewOpaque
FNDA:0,mxmlNewOpaquef
FNDA:0,mxmlNewReal
FNDA:21468,mxmlNewText
FNDA:0,mxmlNewTextf
FNDA:1247,mxmlRemove
FNDA:0,mxmlNewXML
FNDA:0,mxmlRelease
FNDA:0,mxmlRetain
FNDA:38317,mxml_free
FNDA:38728,mxml_new
FNF:25
FNH:11
DA:34,37097
DA:42,37097
DA:43,0
DA:46,37097
DA:47,0
DA:50,37097
DA:52,37097
DA:54,0
DA:55,0
DA:58,0
DA:60,0
DA:61,0
DA:63,0
DA:65,0
DA:70,0
DA:71,0
DA:73,0
DA:74,0
DA:76,0
DA:78,0
DA:80,0
DA:82,37097
DA:83,37097
DA:86,37097
DA:87,37097
DA:89,37097
DA:90,27515
DA:92,9582
DA:94,37097
DA:99,0
DA:100,0
DA:102,0
DA:103,0
DA:105,0
DA:107,0
DA:109,37097
DA:123,1834
DA:132,1834
DA:133,587
DA:136,1247
DA:139,46830
DA:142,45583
DA:145,8513
DA:146,8513
DA:149,37070
DA:152,9580
DA:153,1067
DA:157,37070
DA:161,1247
DA:174,0
DA:177,0
DA:178,0
DA:181,0
DA:195,302
DA:204,302
DA:205,0
DA:208,302
DA:210,302
DA:212,0
DA:213,0
DA:217,302
DA:231,0
DA:243,0
DA:244,0
DA:247,0
DA:249,0
DA:250,0
DA:251,0
DA:253,0
DA:256,0
DA:270,340
DA:279,340
DA:280,0
DA:283,340
DA:285,340
DA:287,0
DA:288,0
DA:292,340
DA:306,0
DA:318,0
DA:319,0
DA:322,0
DA:324,0
DA:325,0
DA:326,0
DA:328,0
DA:331,0
DA:344,0
DA:356,0
DA:358,0
DA:359,0
DA:360,0
DA:363,0
DA:377,4175
DA:387,4175
DA:388,0
DA:391,4175
DA:393,4175
DA:395,0
DA:396,0
DA:400,4175
DA:414,0
DA:427,0
DA:428,0
DA:431,0
DA:433,0
DA:434,0
DA:435,0
DA:437,0
DA:440,0
DA:454,1885
DA:463,1885
DA:464,0
DA:467,1885
DA:469,1885
DA:471,0
DA:472,0
DA:476,1885
DA:490,0
DA:502,0
DA:503,0
DA:506,0
DA:508,0
DA:509,0
DA:510,0
DA:512,0
DA:515,0
DA:528,10558
DA:537,10558
DA:538,0
DA:541,10558
DA:542,10558
DA:544,10558
DA:557,0
DA:566,0
DA:567,0
DA:569,0
DA:583,0
DA:592,0
DA:593,0
DA:596,0
DA:597,0
DA:599,0
DA:613,0
DA:625,0
DA:626,0
DA:629,0
DA:631,0
DA:632,0
DA:633,0
DA:635,0
DA:638,0
DA:651,0
DA:660,0
DA:661,0
DA:663,0
DA:678,21468
DA:688,21468
DA:689,0
DA:692,21468
DA:694,21468
DA:695,21468
DA:698,21468
DA:713,0
DA:726,0
DA:727,0
DA:730,0
DA:732,0
DA:733,0
DA:734,0
DA:736,0
DA:737,0
DA:740,0
DA:752,1247
DA:757,1247
DA:758,1220
DA:761,27
DA:762,25
DA:764,2
DA:766,27
DA:767,0
DA:769,27
DA:771,27
DA:772,27
DA:773,27
DA:785,0
DA:790,0
DA:792,0
DA:804,0
DA:806,0
DA:808,0
DA:810,0
DA:811,0
DA:813,0
DA:815,0
DA:819,0
DA:824,0
DA:834,0
DA:836,0
DA:838,0
DA:840,0
DA:841,0
DA:843,0
DA:847,0
DA:859,38317
DA:864,38317
DA:866,302
DA:867,302
DA:868,302
DA:869,340
DA:870,340
DA:871,340
DA:872,4175
DA:873,4175
DA:874,4175
DA:875,1885
DA:876,1885
DA:877,1885
DA:878,10336
DA:879,10336
DA:881,10336
DA:883,10736
DA:885,6872
DA:886,6872
DA:889,3864
DA:891,10336
DA:892,0
DA:894,0
DA:895,0
DA:896,0
DA:897,0
DA:898,0
DA:900,0
DA:901,21279
DA:902,21279
DA:903,21279
DA:904,0
DA:905,0
DA:906,0
DA:907,0
DA:908,0
DA:909,0
DA:913,38317
DA:914,38317
DA:922,38728
DA:931,38728
DA:934,0
DA:940,38728
DA:941,38728
DA:944,38728
DA:945,37097
DA:948,38728
LF:252
LH:103
end_of_record
TN:
SF:/home/beka/mxml-fuzzing/third_party/mxml/mxml-options.c
FN:179,191,mxmlOptionsSetCustomCallbacks
FN:20,24,mxmlOptionsDelete
FN:218,228,mxmlOptionsSetEntityCallback
FN:249,259,mxmlOptionsSetErrorCallback
FN:300,310,mxmlOptionsSetSAXCallback
FN:350,360,mxmlOptionsSetTypeCallback
FN:370,379,mxmlOptionsSetTypeValue
FN:403,413,mxmlOptionsSetWhitespaceCallback
FN:424,430,mxmlOptionsSetWrapMargin
FN:438,460,_mxml_entity_string
FN:471,523,_mxml_entity_value
FN:531,553,_mxml_error
FN:58,79,mxmlOptionsNew
FNDA:0,mxmlOptionsSetCustomCallbacks
FNDA:1858,mxmlOptionsDelete
FNDA:0,mxmlOptionsSetEntityCallback
FNDA:0,mxmlOptionsSetErrorCallback
FNDA:0,mxmlOptionsSetSAXCallback
FNDA:0,mxmlOptionsSetTypeCallback
FNDA:0,mxmlOptionsSetTypeValue
FNDA:0,mxmlOptionsSetWhitespaceCallback
FNDA:0,mxmlOptionsSetWrapMargin
FNDA:0,_mxml_entity_string
FNDA:4673,_mxml_entity_value
FNDA:3664,_mxml_error
FNDA:1858,mxmlOptionsNew
FNF:13
FNH:4
DA:20,1858
DA:23,1858
DA:24,1858
DA:58,1858
DA:63,1858
DA:66,1858
DA:67,1858
DA:69,1858
DA:71,1858
DA:72,1858
DA:74,0
DA:78,1858
DA:179,0
DA:185,0
DA:187,0
DA:188,0
DA:189,0
DA:191,0
DA:218,0
DA:223,0
DA:225,0
DA:226,0
DA:228,0
DA:249,0
DA:254,0
DA:256,0
DA:257,0
DA:259,0
DA:300,0
DA:305,0
DA:307,0
DA:308,0
DA:310,0
DA:350,0
DA:355,0
DA:357,0
DA:358,0
DA:360,0
DA:370,0
DA:374,0
DA:376,0
DA:377,0
DA:379,0
DA:403,0
DA:408,0
DA:410,0
DA:411,0
DA:413,0
DA:424,0
DA:428,0
DA:429,0
DA:430,0
DA:438,0
DA:440,0
DA:442,0
DA:443,0
DA:445,0
DA:446,0
DA:448,0
DA:449,0
DA:451,0
DA:452,0
DA:454,0
DA:455,0
DA:457,0
DA:458,0
DA:471,4673
DA:475,4673
DA:478,4673
DA:481,0
DA:483,4673
DA:486,1062
DA:487,832
DA:489,230
DA:491,3611
DA:494,280
DA:496,3331
DA:499,256
DA:501,3075
DA:504,2163
DA:506,912
DA:509,647
DA:511,265
DA:514,261
DA:516,4
DA:519,0
DA:522,4673
DA:531,3664
DA:540,3664
DA:541,0
DA:544,3664
DA:545,3664
DA:546,3664
DA:549,3664
DA:550,0
DA:552,3664
LF:96
LH:37
end_of_record
TN:
SF:/home/beka/mxml-fuzzing/third_party/mxml/mxml-private.c
FN:108,121,_mxml_strfree
FN:141,144,_mxml_destructor
FN:152,156,_mxml_fini
FN:164,178,_mxml_global
FN:186,190,_mxml_init
FN:67,79,mxmlSetStringCallbacks
FN:87,100,_mxml_strcopy
FNDA:52061,_mxml_strfree
FNDA:0,_mxml_destructor
FNDA:1859,_mxml_fini
FNDA:104869,_mxml_global
FNDA:1442,_mxml_init
FNDA:0,mxmlSetStringCallbacks
FNDA:52808,_mxml_strcopy
FNF:7
FNH:5
DA:67,0
DA:72,0
DA:76,0
DA:77,0
DA:78,0
DA:79,0
DA:87,52808
DA:89,52808
DA:93,52808
DA:94,0
DA:96,52808
DA:97,0
DA:99,52808
DA:108,52061
DA:110,52061
DA:114,52061
DA:115,0
DA:117,52061
DA:118,0
DA:120,52061
DA:141,0
DA:143,0
DA:144,0
DA:152,1859
DA:154,1859
DA:155,1442
DA:156,1859
DA:164,104869
DA:169,104869
DA:171,104869
DA:173,1442
DA:174,1442
DA:177,104869
DA:186,1442
DA:188,1442
DA:189,1442
DA:190,1442
LF:37
LH:24
end_of_record
TN:
SF:/home/beka/mxml-fuzzing/third_party/mxml/mxml-search.c
FN:155,193,mxmlWalkNext
FN:205,238,mxmlWalkPrev
FN:30,74,mxmlFindElement
FN:90,143,mxmlFindPath
FNDA:0,mxmlWalkNext
FNDA:0,mxmlWalkPrev
FNDA:0,mxmlFindElement
FNDA:0,mxmlFindPath
FNF:4
FNH:0
DA:30,0
DA:41,0
DA:42,0
DA:45,0
DA:48,0
DA:51,0
DA:54,0
DA:55,0
DA:58,0
DA:61,0
DA:62,0
DA:67,0
DA:68,0
DA:70,0
DA:73,0
DA:90,0
DA:100,0
DA:101,0
DA:104,0
DA:105,0
DA:108,0
DA:110,0
DA:111,0
DA:115,0
DA:119,0
DA:120,0
DA:122,0
DA:123,0
DA:125,0
DA:126,0
DA:128,0
DA:129,0
DA:131,0
DA:134,0
DA:135,0
DA:139,0
DA:140,0
DA:142,0
DA:155,0
DA:159,0
DA:161,0
DA:163,0
DA:165,0
DA:167,0
DA:169,0
DA:171,0
DA:173,0
DA:175,0
DA:177,0
DA:179,0
DA:181,0
DA:182,0
DA:184,0
DA:187,0
DA:191,0
DA:205,0
DA:209,0
DA:211,0
DA:213,0
DA:215,0
DA:218,0
DA:220,0
DA:221,0
DA:223,0
DA:227,0
DA:230,0
DA:232,0
DA:236,0
LF:68
LH:0
end_of_record
TN:
SF:/home/beka/mxml-fuzzing/third_party/mxml/mxml-set.c
FN:103,129,mxmlSetComment
FN:139,169,mxmlSetCommentf
FN:181,209,mxmlSetCustom
FN:219,246,mxmlSetDeclaration
FN:23,52,mxmlSetCDATA
FN:256,286,mxmlSetDeclarationf
FN:296,322,mxmlSetDirective
FN:333,363,mxmlSetDirectivef
FN:374,397,mxmlSetElement
FN:408,422,mxmlSetInteger
FN:433,459,mxmlSetOpaque
FN:470,500,mxmlSetOpaquef
FN:511,525,mxmlSetReal
FN:536,568,mxmlSetText
FN:579,612,mxmlSetTextf
FN:620,630,mxmlSetUserData
FN:63,93,mxmlSetCDATAf
FNDA:0,mxmlSetComment
FNDA:0,mxmlSetCommentf
FNDA:0,mxmlSetCustom
FNDA:0,mxmlSetDeclaration
FNDA:0,mxmlSetCDATA
FNDA:0,mxmlSetDeclarationf
FNDA:0,mxmlSetDirective
FNDA:0,mxmlSetDirectivef
FNDA:0,mxmlSetElement
FNDA:0,mxmlSetInteger
FNDA:0,mxmlSetOpaque
FNDA:0,mxmlSetOpaquef
FNDA:0,mxmlSetReal
FNDA:0,mxmlSetText
FNDA:0,mxmlSetTextf
FNDA:0,mxmlSetUserData
FNDA:0,mxmlSetCDATAf
FNF:17
FNH:0
DA:23,0
DA:30,0
DA:31,0
DA:33,0
DA:34,0
DA:35,0
DA:36,0
DA:38,0
DA:41,0
DA:45,0
DA:46,0
DA:48,0
DA:49,0
DA:51,0
DA:63,0
DA:73,0
DA:74,0
DA:76,0
DA:77,0
DA:78,0
DA:79,0
DA:82,0
DA:83,0
DA:84,0
DA:86,0
DA:87,0
DA:89,0
DA:90,0
DA:92,0
DA:103,0
DA:110,0
DA:111,0
DA:113,0
DA:114,0
DA:115,0
DA:116,0
DA:118,0
DA:119,0
DA:122,0
DA:123,0
DA:125,0
DA:126,0
DA:128,0
DA:139,0
DA:149,0
DA:150,0
DA:152,0
DA:153,0
DA:154,0
DA:155,0
DA:158,0
DA:159,0
DA:160,0
DA:162,0
DA:163,0
DA:165,0
DA:166,0
DA:168,0
DA:181,0
DA:188,0
DA:189,0
DA:191,0
DA:192,0
DA:194,0
DA:195,0
DA:198,0
DA:199,0
DA:201,0
DA:203,0
DA:205,0
DA:206,0
DA:208,0
DA:219,0
DA:227,0
DA:228,0
DA:230,0
DA:231,0
DA:232,0
DA:233,0
DA:235,0
DA:236,0
DA:239,0
DA:240,0
DA:242,0
DA:243,0
DA:245,0
DA:256,0
DA:266,0
DA:267,0
DA:269,0
DA:270,0
DA:271,0
DA:272,0
DA:275,0
DA:276,0
DA:277,0
DA:279,0
DA:280,0
DA:282,0
DA:283,0
DA:285,0
DA:296,0
DA:303,0
DA:304,0
DA:306,0
DA:307,0
DA:308,0
DA:309,0
DA:311,0
DA:312,0
DA:315,0
DA:316,0
DA:318,0
DA:319,0
DA:321,0
DA:333,0
DA:343,0
DA:344,0
DA:346,0
DA:347,0
DA:348,0
DA:349,0
DA:352,0
DA:353,0
DA:354,0
DA:356,0
DA:357,0
DA:359,0
DA:360,0
DA:362,0
DA:374,0
DA:381,0
DA:382,0
DA:383,0
DA:384,0
DA:386,0
DA:387,0
DA:390,0
DA:391,0
DA:393,0
DA:394,0
DA:396,0
DA:408,0
DA:412,0
DA:413,0
DA:415,0
DA:416,0
DA:419,0
DA:421,0
DA:433,0
DA:440,0
DA:441,0
DA:443,0
DA:444,0
DA:445,0
DA:446,0
DA:448,0
DA:449,0
DA:452,0
DA:453,0
DA:455,0
DA:456,0
DA:458,0
DA:470,0
DA:480,0
DA:481,0
DA:483,0
DA:484,0
DA:485,0
DA:486,0
DA:489,0
DA:490,0
DA:491,0
DA:493,0
DA:494,0
DA:496,0
DA:497,0
DA:499,0
DA:511,0
DA:515,0
DA:516,0
DA:518,0
DA:519,0
DA:522,0
DA:524,0
DA:536,0
DA:544,0
DA:545,0
DA:547,0
DA:548,0
DA:549,0
DA:550,0
DA:552,0
DA:554,0
DA:555,0
DA:559,0
DA:560,0
DA:562,0
DA:564,0
DA:565,0
DA:567,0
DA:579,0
DA:590,0
DA:591,0
DA:593,0
DA:594,0
DA:595,0
DA:596,0
DA:599,0
DA:600,0
DA:601,0
DA:603,0
DA:604,0
DA:606,0
DA:608,0
DA:609,0
DA:611,0
DA:620,0
DA:624,0
DA:625,0
DA:628,0
DA:629,0
LF:222
LH:0
end_of_record
