TN:
SF:/home/beka/mxml-fuzzing/cov_runner.c
FN:8,53,main
FNDA:1860,main
FNF:1
FNH:1
DA:8,1860
DA:9,1860
DA:10,0
DA:11,0
DA:14,5324
DA:15,3464
DA:16,3464
DA:17,3464
DA:18,0
DA:19,0
DA:22,3464
DA:23,0
DA:24,0
DA:25,0
DA:28,3464
DA:29,3464
DA:30,0
DA:31,0
DA:32,0
DA:34,3464
DA:36,3464
DA:37,3464
DA:38,0
DA:39,0
DA:40,0
DA:43,3464
DA:44,3464
DA:47,3464
DA:49,3464
DA:52,1860
LF:30
LH:17
end_of_record
TN:
SF:/home/beka/mxml-fuzzing/fuzz_mxml.c
FN:5,18,LLVMFuzzerTestOneInput
FNDA:3464,LLVMFuzzerTestOneInput
FNF:1
FNH:1
DA:5,3464
DA:6,3464
DA:7,3463
DA:8,1255238
DA:9,1251775
DA:11,3463
DA:12,3463
DA:13,3463
DA:14,3463
DA:15,3463
DA:16,3463
DA:17,3463
LF:12
LH:12
end_of_record
TN:
SF:/home/beka/mxml-fuzzing/third_party/mxml/mxml-attr.c
FN:117,129,mxmlElementGetAttrByIndex
FN:141,148,mxmlElementGetAttrCount
FN:160,185,mxmlElementSetAttr
FN:197,223,mxmlElementSetAttrf
FN:231,271,mxml_set_attr
FN:29,64,mxmlElementClearAttr
FN:76,105,mxmlElementGetAttr
FNDA:0,mxmlElementGetAttrByIndex
FNDA:0,mxmlElementGetAttrCount
FNDA:11360,mxmlElementSetAttr
FNDA:0,mxmlElementSetAttrf
FNDA:11360,mxml_set_attr
FNDA:0,mxmlElementClearAttr
FNDA:12076,mxmlElementGetAttr
FNF:7
FNH:3
DA:29,0
DA:39,0
DA:40,0
DA:43,0
DA:47,0
DA:50,0
DA:51,0
DA:53,0
DA:54,0
DA:55,0
DA:57,0
DA:59,0
DA:60,0
DA:61,0
DA:76,12076
DA:86,12076
DA:87,0
DA:90,18515
DA:94,6488
DA:97,49
DA:104,12027
DA:117,0
DA:122,0
DA:123,0
DA:125,0
DA:126,0
DA:128,0
DA:141,0
DA:144,0
DA:145,0
DA:147,0
DA:160,11360
DA:170,11360
DA:171,0
DA:173,11360
DA:175,11360
DA:176,0
DA:180,0
DA:183,11360
DA:184,0
DA:197,0
DA:210,0
DA:211,0
DA:214,0
DA:215,0
DA:216,0
DA:218,0
DA:220,0
DA:221,0
DA:231,11360
DA:240,17400
DA:242,6040
DA:245,0
DA:246,0
DA:248,0
DA:253,11360
DA:255,7879
DA:256,0
DA:258,7879
DA:261,11360
DA:263,11360
DA:264,0
DA:266,11360
DA:268,11360
DA:270,11360
LF:65
LH:22
end_of_record
TN:
SF:/home/beka/mxml-fuzzing/third_party/mxml/mxml-file.c
FN:112,123,mxmlLoadFile
FN:140,164,mxmlLoadFilename
FN:1458,1720,mxml_parse_element
FN:1728,1753,mxml_read_cb_fd
FN:1761,1769,mxml_read_cb_file
FN:1777,1796,mxml_read_cb_string
FN:1804,1875,mxml_strtod
FN:1883,1908,mxml_io_cb_fd
FN:1916,1921,mxml_io_cb_file
FN:1929,1963,mxml_io_cb_string
FN:194,206,mxmlLoadIO
FN:1971,2176,mxml_write_node
FN:2184,2252,mxml_write_string
FN:223,243,mxmlLoadString
FN:2260,2275,mxml_write_ws
FN:262,289,mxmlSaveAllocString
FN:303,322,mxmlSaveFd
FN:336,356,mxmlSaveFile
FN:370,399,mxmlSaveFilename
FN:424,449,mxmlSaveIO
FN:463,488,mxmlSaveString
FN:496,552,mxml_add_char
FN:52,55,mxml_isspace
FN:560,618,mxml_get_entity
FN:626,797,mxml_getc
FN:805,1450,mxml_load_data
FN:84,95,mxmlLoadFd
FNDA:0,mxmlLoadFile
FNDA:0,mxmlLoadFilename
FNDA:9300,mxml_parse_element
FNDA:0,mxml_read_cb_fd
FNDA:0,mxml_read_cb_file
FNDA:911189,mxml_read_cb_string
FNDA:0,mxml_strtod
FNDA:0,mxml_io_cb_fd
FNDA:0,mxml_io_cb_file
FNDA:0,mxml_io_cb_string
FNDA:0,mxmlLoadIO
FNDA:0,mxml_write_node
FNDA:0,mxml_write_string
FNDA:3463,mxmlLoadString
FNDA:0,mxml_write_ws
FNDA:0,mxmlSaveAllocString
FNDA:0,mxmlSaveFd
FNDA:0,mxmlSaveFile
FNDA:0,mxmlSaveFilename
FNDA:0,mxmlSaveIO
FNDA:0,mxmlSaveString
FNDA:646668,mxml_add_char
FNDA:909207,mxml_isspace
FNDA:6338,mxml_get_entity
FNDA:862306,mxml_getc
FNDA:3463,mxml_load_data
FNDA:0,mxmlLoadFd
FNF:27
FNH:8
DA:52,909207
DA:54,909207
DA:84,0
DA:90,0
DA:91,0
DA:94,0
DA:112,0
DA:118,0
DA:119,0
DA:122,0
DA:140,0
DA:150,0
DA:151,0
DA:154,0
DA:155,0
DA:158,0
DA:161,0
DA:163,0
DA:194,0
DA:201,0
DA:202,0
DA:205,0
DA:223,3463
DA:232,3463
DA:233,0
DA:236,3463
DA:237,3463
DA:238,3463
DA:239,3463
DA:242,3463
DA:262,0
DA:270,0
DA:271,0
DA:273,0
DA:274,0
DA:275,0
DA:278,0
DA:280,0
DA:281,0
DA:285,0
DA:288,0
DA:303,0
DA:311,0
DA:312,0
DA:315,0
DA:317,0
DA:318,0
DA:321,0
DA:336,0
DA:345,0
DA:346,0
DA:349,0
DA:351,0
DA:352,0
DA:355,0
DA:370,0
DA:375,0
DA:381,0
DA:382,0
DA:385,0
DA:387,0
DA:389,0
DA:392,0
DA:393,0
DA:396,0
DA:398,0
DA:424,0
DA:434,0
DA:435,0
DA:438,0
DA:439,0
DA:441,0
DA:444,0
DA:445,0
DA:448,0
DA:463,0
DA:473,0
DA:474,0
DA:475,0
DA:476,0
DA:479,0
DA:480,0
DA:483,0
DA:484,0
DA:487,0
DA:496,646668
DA:505,646668
DA:508,1208
DA:509,1040
DA:511,168
DA:513,1208
DA:515,0
DA:517,0
DA:520,1208
DA:521,1208
DA:524,646668
DA:527,602825
DA:529,43843
DA:532,12678
DA:533,12678
DA:535,31165
DA:538,30496
DA:539,30496
DA:540,30496
DA:545,669
DA:546,669
DA:547,669
DA:548,669
DA:551,646668
DA:560,6338
DA:574,6338
DA:576,22113
DA:578,22073
DA:582,15784
DA:584,15775
DA:588,9
DA:589,9
DA:593,6338
DA:595,6338
DA:597,143
DA:599,143
DA:600,10
DA:602,143
DA:605,6195
DA:607,7
DA:608,7
DA:611,6188
DA:613,4
DA:614,4
DA:617,6184
DA:626,862306
DA:636,375
DA:638,862681
DA:639,1421
DA:641,861260
DA:643,861260
DA:645,818681
DA:647,818681
DA:650,811595
DA:652,7086
DA:655,312
DA:656,4
DA:658,308
DA:659,216
DA:662,92
DA:664,92
DA:666,6774
DA:669,440
DA:670,6
DA:672,434
DA:673,347
DA:676,87
DA:678,87
DA:680,6334
DA:683,1405
DA:684,13
DA:686,1392
DA:687,476
DA:689,916
DA:691,916
DA:693,214
DA:694,214
DA:697,4929
DA:700,1608
DA:701,34
DA:703,1574
DA:704,700
DA:706,874
DA:708,874
DA:710,230
DA:711,230
DA:715,644
DA:716,196
DA:718,3321
DA:721,1675
DA:722,9
DA:724,1666
DA:725,1253
DA:727,413
DA:729,413
DA:731,196
DA:732,196
DA:737,1646
DA:739,1367
DA:741,8754
DA:743,8754
DA:744,27
DA:746,8727
DA:748,8727
DA:753,226
DA:754,5
DA:756,221
DA:758,221
DA:759,12
DA:761,209
DA:763,8710
DA:765,33825
DA:767,33825
DA:768,30
DA:770,33795
DA:772,33795
DA:777,263
DA:778,4
DA:780,259
DA:782,259
DA:783,14
DA:785,245
DA:787,33777
DA:790,855449
DA:792,2095
DA:793,2095
DA:796,853354
DA:805,3463
DA:811,3463
DA:812,3463
DA:813,3463
DA:814,3463
DA:816,3463
DA:821,3463
DA:839,3463
DA:841,0
DA:842,0
DA:845,3463
DA:846,3463
DA:847,3463
DA:848,3463
DA:850,3463
DA:851,0
DA:852,3463
DA:853,3463
DA:855,0
DA:857,3463
DA:859,36
DA:860,36
DA:862,3427
DA:864,32
DA:865,32
DA:866,32
DA:871,216446
DA:874,21542
DA:876,21542
DA:878,0
DA:879,0
DA:880,0
DA:882,0
DA:883,0
DA:884,0
DA:886,0
DA:887,0
DA:888,0
DA:890,21542
DA:891,21542
DA:892,21542
DA:894,0
DA:895,0
DA:898,0
DA:900,0
DA:902,0
DA:903,0
DA:904,0
DA:906,0
DA:910,0
DA:911,0
DA:914,21542
DA:917,0
DA:918,0
DA:923,21542
DA:924,21542
DA:926,21542
DA:929,0
DA:930,0
DA:933,21542
DA:935,0
DA:936,0
DA:938,0
DA:939,0
DA:942,21542
DA:943,0
DA:945,194904
DA:947,48549
DA:950,216446
DA:951,24164
DA:954,216446
DA:956,19847
DA:958,19817
DA:960,19817
DA:962,0
DA:963,0
DA:965,0
DA:966,0
DA:969,19817
DA:970,0
DA:973,19847
DA:976,216446
DA:979,37179
DA:981,237792
DA:983,197068
DA:987,168622
DA:989,48
DA:990,48
DA:992,168574
DA:994,662
DA:995,34
DA:997,628
DA:998,0
DA:1000,167912
DA:1002,81
DA:1004,167831
DA:1006,0
DA:1008,167831
DA:1013,163434
DA:1014,194
DA:1017,37016
DA:1019,37016
DA:1022,33518
DA:1024,32556
DA:1026,32004
DA:1027,0
DA:1029,32004
DA:1030,1922
DA:1034,757
DA:1037,205
DA:1038,205
DA:1042,552
DA:1044,552
DA:1047,4
DA:1048,4
DA:1051,548
DA:1054,0
DA:1055,0
DA:1060,548
DA:1062,0
DA:1063,0
DA:1065,0
DA:1066,0
DA:1069,548
DA:1070,13
DA:1072,36259
DA:1075,11544
DA:1077,11086
DA:1080,318
DA:1081,318
DA:1083,10768
DA:1085,0
DA:1088,10768
DA:1089,519
DA:1093,388
DA:1096,70
DA:1097,70
DA:1101,318
DA:1103,318
DA:1106,4
DA:1107,4
DA:1110,314
DA:1113,0
DA:1114,0
DA:1119,314
DA:1121,0
DA:1122,0
DA:1124,0
DA:1125,0
DA:1128,314
DA:1129,3
DA:1131,35871
DA:1134,124817
DA:1136,120501
DA:1138,117057
DA:1139,0
DA:1141,117057
DA:1142,1852
DA:1146,3880
DA:1149,436
DA:1150,436
DA:1154,3444
DA:1156,3444
DA:1159,5
DA:1160,5
DA:1163,3439
DA:1166,0
DA:1167,0
DA:1172,3439
DA:1174,0
DA:1175,0
DA:1177,0
DA:1178,0
DA:1181,3439
DA:1183,3439
DA:1184,1964
DA:1186,3439
DA:1188,1964
DA:1190,1964
DA:1191,0
DA:1192,1964
DA:1193,1964
DA:1195,0
DA:1199,31991
DA:1204,88923
DA:1206,4696
DA:1210,84227
DA:1212,1232
DA:1213,14
DA:1216,84213
DA:1217,0
DA:1220,84213
DA:1221,3792
DA:1223,84213
DA:1226,4851
DA:1229,155
DA:1230,155
DA:1234,4696
DA:1236,4696
DA:1239,5
DA:1240,5
DA:1243,4691
DA:1246,0
DA:1247,0
DA:1252,4691
DA:1254,0
DA:1255,0
DA:1257,0
DA:1258,0
DA:1261,4691
DA:1263,4691
DA:1264,107
DA:1266,4691
DA:1268,107
DA:1270,107
DA:1271,0
DA:1272,107
DA:1273,107
DA:1275,0
DA:1279,27126
DA:1284,6840
DA:1287,242
DA:1288,242
DA:1292,9164
DA:1293,2566
DA:1295,6598
DA:1296,6598
DA:1298,6598
DA:1300,0
DA:1301,0
DA:1303,0
DA:1305,0
DA:1306,0
DA:1308,0
DA:1313,6598
DA:1314,0
DA:1315,6598
DA:1316,6598
DA:1321,20286
DA:1324,13
DA:1325,13
DA:1328,20273
DA:1331,0
DA:1332,0
DA:1335,20273
DA:1339,9300
DA:1340,1198
DA:1342,10973
DA:1346,335
DA:1348,40
DA:1349,40
DA:1350,40
DA:1351,40
DA:1354,295
DA:1357,19035
DA:1359,0
DA:1360,0
DA:1363,19035
DA:1364,568
DA:1366,19035
DA:1367,298
DA:1369,18737
DA:1372,17541
DA:1374,17541
DA:1375,0
DA:1376,17541
DA:1377,17541
DA:1379,0
DA:1381,1196
DA:1383,0
DA:1384,0
DA:1386,0
DA:1388,0
DA:1389,0
DA:1391,0
DA:1396,34327
DA:1398,179267
DA:1401,2750
DA:1402,45
DA:1404,2705
DA:1405,0
DA:1407,176517
DA:1410,116468
DA:1411,0
DA:1414,213549
DA:1417,796
DA:1420,796
DA:1422,679
DA:1424,3411
DA:1425,2732
DA:1427,679
DA:1429,440
DA:1431,440
DA:1433,440
DA:1437,356
DA:1438,239
DA:1440,117
DA:1443,2599
DA:1445,2599
DA:1447,2599
DA:1449,2599
DA:1458,9300
DA:1476,9300
DA:1478,0
DA:1479,0
DA:1482,9300
DA:1484,9300
DA:1486,0
DA:1487,0
DA:1488,0
DA:1491,9300
DA:1494,27215
DA:1499,26943
DA:1501,7600
DA:1502,4577
DA:1504,7600
DA:1508,19343
DA:1511,1111
DA:1513,1111
DA:1515,50
DA:1516,50
DA:1519,1061
DA:1521,18232
DA:1523,99
DA:1524,99
DA:1526,18133
DA:1528,6008
DA:1532,12125
DA:1533,12125
DA:1534,0
DA:1536,12125
DA:1539,118
DA:1541,12492
DA:1543,12435
DA:1545,645
DA:1546,18
DA:1548,11790
DA:1550,1102
DA:1553,12417
DA:1554,0
DA:1556,12417
DA:1557,43
DA:1563,41140
DA:1565,41020
DA:1567,11856
DA:1568,326
DA:1569,11856
DA:1573,29164
DA:1575,411
DA:1576,31
DA:1579,29133
DA:1580,0
DA:1585,12076
DA:1587,12076
DA:1589,49
DA:1590,49
DA:1593,15220
DA:1595,3193
DA:1597,3193
DA:1598,857
DA:1601,12027
DA:1604,29382
DA:1606,6560
DA:1607,946
DA:1610,11411
DA:1612,39
DA:1613,39
DA:1616,11372
DA:1619,5835
DA:1620,5835
DA:1622,46089
DA:1624,45227
DA:1626,4967
DA:1630,40260
DA:1632,273
DA:1633,6
DA:1635,39987
DA:1637,2181
DA:1640,40254
DA:1641,0
DA:1645,5829
DA:1650,5537
DA:1651,5537
DA:1652,0
DA:1654,21065
DA:1656,18736
DA:1658,3202
DA:1659,1039
DA:1661,3202
DA:1665,15534
DA:1667,365
DA:1668,6
DA:1671,15528
DA:1672,0
DA:1676,5531
DA:1680,11360
DA:1685,616
DA:1686,616
DA:1690,11360
DA:1693,324
DA:1695,324
DA:1697,12
DA:1698,12
DA:1701,324
DA:1703,11036
DA:1704,721
DA:1708,8386
DA:1709,8386
DA:1711,8386
DA:1714,914
DA:1716,914
DA:1717,914
DA:1719,914
DA:1728,0
DA:1742,0
DA:1744,0
DA:1745,0
DA:1749,0
DA:1750,0
DA:1752,0
DA:1761,0
DA:1765,0
DA:1766,0
DA:1768,0
DA:1777,911189
DA:1785,911189
DA:1786,1553
DA:1788,911189
DA:1791,909680
DA:1792,909680
DA:1795,911189
DA:1804,0
DA:1814,0
DA:1815,0
DA:1818,0
DA:1819,0
DA:1820,0
DA:1822,0
DA:1823,0
DA:1825,0
DA:1827,0
DA:1829,0
DA:1833,0
DA:1834,0
DA:1838,0
DA:1841,0
DA:1843,0
DA:1845,0
DA:1847,0
DA:1848,0
DA:1852,0
DA:1853,0
DA:1858,0
DA:1860,0
DA:1861,0
DA:1863,0
DA:1866,0
DA:1868,0
DA:1869,0
DA:1872,0
DA:1874,0
DA:1883,0
DA:1897,0
DA:1899,0
DA:1900,0
DA:1904,0
DA:1905,0
DA:1907,0
DA:1916,0
DA:1920,0
DA:1929,0
DA:1938,0
DA:1944,0
DA:1945,0
DA:1946,0
DA:1948,0
DA:1949,0
DA:1950,0
DA:1954,0
DA:1955,0
DA:1956,0
DA:1957,0
DA:1959,0
DA:1960,0
DA:1962,0
DA:1971,0
DA:1990,0
DA:1995,0
DA:1997,0
DA:1998,0
DA:1999,0
DA:2000,0
DA:2001,0
DA:2002,0
DA:2003,0
DA:2005,0
DA:2006,0
DA:2007,0
DA:2008,0
DA:2009,0
DA:2010,0
DA:2011,0
DA:2013,0
DA:2014,0
DA:2015,0
DA:2016,0
DA:2017,0
DA:2018,0
DA:2019,0
DA:2021,0
DA:2022,0
DA:2023,0
DA:2024,0
DA:2025,0
DA:2026,0
DA:2027,0
DA:2029,0
DA:2030,0
DA:2031,0
DA:2032,0
DA:2034,0
DA:2036,0
DA:2038,0
DA:2039,0
DA:2041,0
DA:2042,0
DA:2044,0
DA:2046,0
DA:2048,0
DA:2050,0
DA:2051,0
DA:2052,0
DA:2056,0
DA:2057,0
DA:2058,0
DA:2060,0
DA:2061,0
DA:2064,0
DA:2065,0
DA:2067,0
DA:2071,0
DA:2072,0
DA:2073,0
DA:2075,0
DA:2076,0
DA:2077,0
DA:2079,0
DA:2080,0
DA:2083,0
DA:2084,0
DA:2086,0
DA:2090,0
DA:2092,0
DA:2096,0
DA:2099,0
DA:2100,0
DA:2102,0
DA:2106,0
DA:2107,0
DA:2109,0
DA:2110,0
DA:2112,0
DA:2115,0
DA:2116,0
DA:2118,0
DA:2121,0
DA:2122,0
DA:2124,0
DA:2125,0
DA:2126,0
DA:2128,0
DA:2129,0
DA:2131,0
DA:2133,0
DA:2134,0
DA:2136,0
DA:2137,0
DA:2141,0
DA:2143,0
DA:2146,0
DA:2151,0
DA:2153,0
DA:2157,0
DA:2159,0
DA:2161,0
DA:2162,0
DA:2163,0
DA:2164,0
DA:2165,0
DA:2168,0
DA:2169,0
DA:2175,0
DA:2184,0
DA:2199,0
DA:2200,0
DA:2202,0
DA:2204,0
DA:2205,0
DA:2206,0
DA:2208,0
DA:2211,0
DA:2213,0
DA:2214,0
DA:2217,0
DA:2220,0
DA:2221,0
DA:2223,0
DA:2225,0
DA:2228,0
DA:2230,0
DA:2233,0
DA:2238,0
DA:2242,0
DA:2245,0
DA:2247,0
DA:2248,0
DA:2251,0
DA:2260,0
DA:2271,0
DA:2272,0
DA:2274,0
LF:833
LH:451
end_of_record
TN:
SF:/home/beka/mxml-fuzzing/third_party/mxml/mxml-get.c
FN:104,112,mxmlGetDirective
FN:123,131,mxmlGetElement
FN:142,146,mxmlGetFirstChild
FN:158,171,mxmlGetInteger
FN:182,185,mxmlGetLastChild
FN:196,199,mxmlGetNextSibling
FN:210,223,mxmlGetOpaque
FN:23,31,mxmlGetCDATA
FN:233,236,mxmlGetParent
FN:247,250,mxmlGetPrevSibling
FN:261,274,mxmlGetReal
FN:293,327,mxmlGetText
FN:338,346,mxmlGetType
FN:356,364,mxmlGetUserData
FN:42,50,mxmlGetComment
FN:61,74,mxmlGetCustom
FN:85,93,mxmlGetDeclaration
FNDA:0,mxmlGetDirective
FNDA:1468,mxmlGetElement
FNDA:0,mxmlGetFirstChild
FNDA:0,mxmlGetInteger
FNDA:0,mxmlGetLastChild
FNDA:0,mxmlGetNextSibling
FNDA:0,mxmlGetOpaque
FNDA:0,mxmlGetCDATA
FNDA:0,mxmlGetParent
FNDA:0,mxmlGetPrevSibling
FNDA:0,mxmlGetReal
FNDA:0,mxmlGetText
FNDA:0,mxmlGetType
FNDA:0,mxmlGetUserData
FNDA:0,mxmlGetComment
FNDA:0,mxmlGetCustom
FNDA:0,mxmlGetDeclaration
FNF:17
FNH:1
DA:23,0
DA:26,0
DA:27,0
DA:30,0
DA:42,0
DA:45,0
DA:46,0
DA:49,0
DA:61,0
DA:64,0
DA:65,0
DA:68,0
DA:69,0
DA:70,0
DA:71,0
DA:73,0
DA:85,0
DA:88,0
DA:89,0
DA:92,0
DA:104,0
DA:107,0
DA:108,0
DA:111,0
DA:123,1468
DA:126,1468
DA:127,48
DA:130,1420
DA:142,0
DA:145,0
DA:158,0
DA:161,0
DA:162,0
DA:165,0
DA:166,0
DA:167,0
DA:168,0
DA:170,0
DA:182,0
DA:184,0
DA:196,0
DA:198,0
DA:210,0
DA:213,0
DA:214,0
DA:217,0
DA:218,0
DA:219,0
DA:220,0
DA:222,0
DA:233,0
DA:235,0
DA:247,0
DA:249,0
DA:261,0
DA:264,0
DA:265,0
DA:268,0
DA:269,0
DA:270,0
DA:271,0
DA:273,0
DA:293,0
DA:297,0
DA:299,0
DA:300,0
DA:302,0
DA:306,0
DA:308,0
DA:309,0
DA:311,0
DA:313,0
DA:315,0
DA:316,0
DA:318,0
DA:322,0
DA:323,0
DA:325,0
DA:338,0
DA:341,0
DA:342,0
DA:345,0
DA:356,0
DA:359,0
DA:360,0
DA:363,0
LF:86
LH:4
end_of_record
TN:
SF:/home/beka/mxml-fuzzing/third_party/mxml/mxml-index.c
FN:189,197,mxmlIndexGetCount
FN:213,272,mxmlIndexNew
FN:285,301,mxmlIndexReset
FN:29,39,mxmlIndexDelete
FN:309,329,index_compare
FN:337,361,index_find
FN:371,418,index_sort
FN:53,64,mxmlIndexEnum
FN:79,181,mxmlIndexFind
FNDA:0,mxmlIndexGetCount
FNDA:0,mxmlIndexNew
FNDA:0,mxmlIndexReset
FNDA:0,mxmlIndexDelete
FNDA:0,index_compare
FNDA:0,index_find
FNDA:0,index_sort
FNDA:0,mxmlIndexEnum
FNDA:0,mxmlIndexFind
FNF:9
FNH:0
DA:29,0
DA:32,0
DA:33,0
DA:36,0
DA:37,0
DA:38,0
DA:53,0
DA:56,0
DA:57,0
DA:60,0
DA:61,0
DA:63,0
DA:79,0
DA:92,0
DA:95,0
DA:99,0
DA:100,0
DA:103,0
DA:106,0
DA:110,0
DA:113,0
DA:114,0
DA:118,0
DA:120,0
DA:124,0
DA:129,0
DA:130,0
DA:135,0
DA:137,0
DA:139,0
DA:141,0
DA:145,0
DA:152,0
DA:154,0
DA:158,0
DA:160,0
DA:165,0
DA:167,0
DA:169,0
DA:173,0
DA:177,0
DA:180,0
DA:189,0
DA:192,0
DA:193,0
DA:196,0
DA:213,0
DA:225,0
DA:226,0
DA:229,0
DA:230,0
DA:232,0
DA:234,0
DA:236,0
DA:237,0
DA:241,0
DA:242,0
DA:244,0
DA:246,0
DA:248,0
DA:250,0
DA:253,0
DA:254,0
DA:257,0
DA:258,0
DA:261,0
DA:263,0
DA:267,0
DA:268,0
DA:271,0
DA:285,0
DA:290,0
DA:291,0
DA:294,0
DA:297,0
DA:298,0
DA:300,0
DA:309,0
DA:317,0
DA:318,0
DA:321,0
DA:323,0
DA:324,0
DA:328,0
DA:337,0
DA:346,0
DA:348,0
DA:349,0
DA:353,0
DA:355,0
DA:356,0
DA:360,0
DA:371,0
DA:385,0
DA:387,0
DA:390,0
DA:391,0
DA:394,0
DA:395,0
DA:398,0
DA:400,0
DA:401,0
DA:402,0
DA:407,0
DA:409,0
DA:410,0
DA:414,0
DA:415,0
DA:417,0
DA:418,0
LF:110
LH:0
end_of_record
TN:
SF:/home/beka/mxml-fuzzing/third_party/mxml/mxml-node.c
FN:123,162,mxmlDelete
FN:174,182,mxmlGetRefCount
FN:195,218,mxmlNewCDATA
FN:231,257,mxmlNewCDATAf
FN:270,293,mxmlNewComment
FN:306,332,mxmlNewCommentf
FN:34,111,mxmlAdd
FN:344,364,mxmlNewCustom
FN:377,401,mxmlNewDeclaration
FN:414,441,mxmlNewDeclarationf
FN:454,477,mxmlNewDirective
FN:490,516,mxmlNewDirectivef
FN:528,545,mxmlNewElement
FN:557,570,mxmlNewInteger
FN:583,600,mxmlNewOpaque
FN:613,639,mxmlNewOpaquef
FN:651,664,mxmlNewReal
FN:678,699,mxmlNewText
FN:713,741,mxmlNewTextf
FN:752,774,mxmlRemove
FN:785,793,mxmlNewXML
FN:804,826,mxmlRelease
FN:834,849,mxmlRetain
FN:859,914,mxml_free
FN:922,949,mxml_new
FNDA:3435,mxmlDelete
FNDA:0,mxmlGetRefCount
FNDA:314,mxmlNewCDATA
FNDA:0,mxmlNewCDATAf
FNDA:548,mxmlNewComment
FNDA:0,mxmlNewCommentf
FNDA:67474,mxmlAdd
FNDA:0,mxmlNewCustom
FNDA:4691,mxmlNewDeclaration
FNDA:0,mxmlNewDeclarationf
FNDA:3439,mxmlNewDirective
FNDA:0,mxmlNewDirectivef
FNDA:20273,mxmlNewElement
FNDA:0,mxmlNewInteger
FNDA:0,mxmlNewOpaque
FNDA:0,mxmlNewOpaquef
FNDA:0,mxmlNewReal
FNDA:41359,mxmlNewText
FNDA:0,mxmlNewTextf
FNDA:2695,mxmlRemove
FNDA:0,mxmlNewXML
FNDA:0,mxmlRelease
FNDA:0,mxmlRetain
FNDA:70130,mxml_free
FNDA:70624,mxml_new
FNF:25
FNH:11
DA:34,67474
DA:42,67474
DA:43,0
DA:46,67474
DA:47,0
DA:50,67474
DA:52,67474
DA:54,0
DA:55,0
DA:58,0
DA:60,0
DA:61,0
DA:63,0
DA:65,0
DA:70,0
DA:71,0
DA:73,0
DA:74,0
DA:76,0
DA:78,0
DA:80,0
DA:82,67474
DA:83,67474
DA:86,67474
DA:87,67474
DA:89,67474
DA:90,48239
DA:92,19235
DA:94,67474
DA:99,0
DA:100,0
DA:102,0
DA:103,0
DA:105,0
DA:107,0
DA:109,67474
DA:123,3435
DA:132,3435
DA:133,740
DA:136,2695
DA:139,86918
DA:142,84223
DA:145,16788
DA:146,16788
DA:149,67435
DA:152,19229
DA:153,2441
DA:157,67435
DA:161,2695
DA:174,0
DA:177,0
DA:178,0
DA:181,0
DA:195,314
DA:204,314
DA:205,0
DA:208,314
DA:210,314
DA:212,0
DA:213,0
DA:217,314
DA:231,0
DA:243,0
DA:244,0
DA:247,0
DA:249,0
DA:250,0
DA:251,0
DA:253,0
DA:256,0
DA:270,548
DA:279,548
DA:280,0
DA:283,548
DA:285,548
DA:287,0
DA:288,0
DA:292,548
DA:306,0
DA:318,0
DA:319,0
DA:322,0
DA:324,0
DA:325,0
DA:326,0
DA:328,0
DA:331,0
DA:344,0
DA:356,0
DA:358,0
DA:359,0
DA:360,0
DA:363,0
DA:377,4691
DA:387,4691
DA:388,0
DA:391,4691
DA:393,4691
DA:395,0
DA:396,0
DA:400,4691
DA:414,0
DA:427,0
DA:428,0
DA:431,0
DA:433,0
DA:434,0
DA:435,0
DA:437,0
DA:440,0
DA:454,3439
DA:463,3439
DA:464,0
DA:467,3439
DA:469,3439
DA:471,0
DA:472,0
DA:476,3439
DA:490,0
DA:502,0
DA:503,0
DA:506,0
DA:508,0
DA:509,0
DA:510,0
DA:512,0
DA:515,0
DA:528,20273
DA:537,20273
DA:538,0
DA:541,20273
DA:542,20273
DA:544,20273
DA:557,0
DA:566,0
DA:567,0
DA:569,0
DA:583,0
DA:592,0
DA:593,0
DA:596,0
DA:597,0
DA:599,0
DA:613,0
DA:625,0
DA:626,0
DA:629,0
DA:631,0
DA:632,0
DA:633,0
DA:635,0
DA:638,0
DA:651,0
DA:660,0
DA:661,0
DA:663,0
DA:678,41359
DA:688,41359
DA:689,0
DA:692,41359
DA:694,41359
DA:695,41359
DA:698,41359
DA:713,0
DA:726,0
DA:727,0
DA:730,0
DA:732,0
DA:733,0
DA:734,0
DA:736,0
DA:737,0
DA:740,0
DA:752,2695
DA:757,2695
DA:758,2656
DA:761,39
DA:762,33
DA:764,6
DA:766,39
DA:767,0
DA:769,39
DA:771,39
DA:772,39
DA:773,39
DA:785,0
DA:790,0
DA:792,0
DA:804,0
DA:806,0
DA:808,0
DA:810,0
DA:811,0
DA:813,0
DA:815,0
DA:819,0
DA:824,0
DA:834,0
DA:836,0
DA:838,0
DA:840,0
DA:841,0
DA:843,0
DA:847,0
DA:859,70130
DA:864,70130
DA:866,314
DA:867,314
DA:868,314
DA:869,548
DA:870,548
DA:871,548
DA:872,4691
DA:873,4691
DA:874,4691
DA:875,3439
DA:876,3439
DA:877,3439
DA:878,20006
DA:879,20006
DA:881,20006
DA:883,18898
DA:885,11147
DA:886,11147
DA:889,7751
DA:891,20006
DA:892,0
DA:894,0
DA:895,0
DA:896,0
DA:897,0
DA:898,0
DA:900,0
DA:901,41132
DA:902,41132
DA:903,41132
DA:904,0
DA:905,0
DA:906,0
DA:907,0
DA:908,0
DA:909,0
DA:913,70130
DA:914,70130
DA:922,70624
DA:931,70624
DA:934,0
DA:940,70624
DA:941,70624
DA:944,70624
DA:945,67474
DA:948,70624
LF:252
LH:103
end_of_record
TN:
SF:/home/beka/mxml-fuzzing/third_party/mxml/mxml-options.c
FN:179,191,mxmlOptionsSetCustomCallbacks
FN:20,24,mxmlOptionsDelete
FN:218,228,mxmlOptionsSetEntityCallback
FN:249,259,mxmlOptionsSetErrorCallback
FN:300,310,mxmlOptionsSetSAXCallback
FN:350,360,mxmlOptionsSetTypeCallback
FN:370,379,mxmlOptionsSetTypeValue
FN:403,413,mxmlOptionsSetWhitespaceCallback
FN:424,430,mxmlOptionsSetWrapMargin
FN:438,460,_mxml_entity_string
FN:471,523,_mxml_entity_value
FN:531,553,_mxml_error
FN:58,79,mxmlOptionsNew
FNDA:0,mxmlOptionsSetCustomCallbacks
FNDA:3463,mxmlOptionsDelete
FNDA:0,mxmlOptionsSetEntityCallback
FNDA:0,mxmlOptionsSetErrorCallback
FNDA:0,mxmlOptionsSetSAXCallback
FNDA:0,mxmlOptionsSetTypeCallback
FNDA:0,mxmlOptionsSetTypeValue
FNDA:0,mxmlOptionsSetWhitespaceCallback
FNDA:0,mxmlOptionsSetWrapMargin
FNDA:0,_mxml_entity_string
FNDA:6195,_mxml_entity_value
FNDA:5462,_mxml_error
FNDA:3463,mxmlOptionsNew
FNF:13
FNH:4
DA:20,3463
DA:23,3463
DA:24,3463
DA:58,3463
DA:63,3463
DA:66,3463
DA:67,3463
DA:69,3463
DA:71,3463
DA:72,3463
DA:74,0
DA:78,3463
DA:179,0
DA:185,0
DA:187,0
DA:188,0
DA:189,0
DA:191,0
DA:218,0
DA:223,0
DA:225,0
DA:226,0
DA:228,0
DA:249,0
DA:254,0
DA:256,0
DA:257,0
DA:259,0
DA:300,0
DA:305,0
DA:307,0
DA:308,0
DA:310,0
DA:350,0
DA:355,0
DA:357,0
DA:358,0
DA:360,0
DA:370,0
DA:374,0
DA:376,0
DA:377,0
DA:379,0
DA:403,0
DA:408,0
DA:410,0
DA:411,0
DA:413,0
DA:424,0
DA:428,0
DA:429,0
DA:430,0
DA:438,0
DA:440,0
DA:442,0
DA:443,0
DA:445,0
DA:446,0
DA:448,0
DA:449,0
DA:451,0
DA:452,0
DA:454,0
DA:455,0
DA:457,0
DA:458,0
DA:471,6195
DA:475,6195
DA:478,6195
DA:481,0
DA:483,6195
DA:486,1063
DA:487,832
DA:489,231
DA:491,5132
DA:494,280
DA:496,4852
DA:499,256
DA:501,4596
DA:504,2975
DA:506,1621
DA:509,1353
DA:511,268
DA:514,261
DA:516,7
DA:519,0
DA:522,6195
DA:531,5462
DA:540,5462
DA:541,0
DA:544,5462
DA:545,5462
DA:546,5462
DA:549,5462
DA:550,0
DA:552,5462
LF:96
LH:37
end_of_record
TN:
SF:/home/beka/mxml-fuzzing/third_party/mxml/mxml-private.c
FN:108,121,_mxml_strfree
FN:141,144,_mxml_destructor
FN:152,156,_mxml_fini
FN:164,178,_mxml_global
FN:186,190,_mxml_init
FN:67,79,mxmlSetStringCallbacks
FN:87,100,_mxml_strcopy
FNDA:92424,_mxml_strfree
FNDA:0,_mxml_destructor
FNDA:1860,_mxml_fini
FNDA:185768,_mxml_global
FNDA:1443,_mxml_init
FNDA:0,mxmlSetStringCallbacks
FNDA:93344,_mxml_strcopy
FNF:7
FNH:5
DA:67,0
DA:72,0
DA:76,0
DA:77,0
DA:78,0
DA:79,0
DA:87,93344
DA:89,93344
DA:93,93344
DA:94,0
DA:96,93344
DA:97,0
DA:99,93344
DA:108,92424
DA:110,92424
DA:114,92424
DA:115,0
DA:117,92424
DA:118,0
DA:120,92424
DA:141,0
DA:143,0
DA:144,0
DA:152,1860
DA:154,1860
DA:155,1443
DA:156,1860
DA:164,185768
DA:169,185768
DA:171,185768
DA:173,1443
DA:174,1443
DA:177,185768
DA:186,1443
DA:188,1443
DA:189,1443
DA:190,1443
LF:37
LH:24
end_of_record
TN:
SF:/home/beka/mxml-fuzzing/third_party/mxml/mxml-search.c
FN:155,193,mxmlWalkNext
FN:205,238,mxmlWalkPrev
FN:30,74,mxmlFindElement
FN:90,143,mxmlFindPath
FNDA:0,mxmlWalkNext
FNDA:0,mxmlWalkPrev
FNDA:0,mxmlFindElement
FNDA:0,mxmlFindPath
FNF:4
FNH:0
DA:30,0
DA:41,0
DA:42,0
DA:45,0
DA:48,0
DA:51,0
DA:54,0
DA:55,0
DA:58,0
DA:61,0
DA:62,0
DA:67,0
DA:68,0
DA:70,0
DA:73,0
DA:90,0
DA:100,0
DA:101,0
DA:104,0
DA:105,0
DA:108,0
DA:110,0
DA:111,0
DA:115,0
DA:119,0
DA:120,0
DA:122,0
DA:123,0
DA:125,0
DA:126,0
DA:128,0
DA:129,0
DA:131,0
DA:134,0
DA:135,0
DA:139,0
DA:140,0
DA:142,0
DA:155,0
DA:159,0
DA:161,0
DA:163,0
DA:165,0
DA:167,0
DA:169,0
DA:171,0
DA:173,0
DA:175,0
DA:177,0
DA:179,0
DA:181,0
DA:182,0
DA:184,0
DA:187,0
DA:191,0
DA:205,0
DA:209,0
DA:211,0
DA:213,0
DA:215,0
DA:218,0
DA:220,0
DA:221,0
DA:223,0
DA:227,0
DA:230,0
DA:232,0
DA:236,0
LF:68
LH:0
end_of_record
TN:
SF:/home/beka/mxml-fuzzing/third_party/mxml/mxml-set.c
FN:103,129,mxmlSetComment
FN:139,169,mxmlSetCommentf
FN:181,209,mxmlSetCustom
FN:219,246,mxmlSetDeclaration
FN:23,52,mxmlSetCDATA
FN:256,286,mxmlSetDeclarationf
FN:296,322,mxmlSetDirective
FN:333,363,mxmlSetDirectivef
FN:374,397,mxmlSetElement
FN:408,422,mxmlSetInteger
FN:433,459,mxmlSetOpaque
FN:470,500,mxmlSetOpaquef
FN:511,525,mxmlSetReal
FN:536,568,mxmlSetText
FN:579,612,mxmlSetTextf
FN:620,630,mxmlSetUserData
FN:63,93,mxmlSetCDATAf
FNDA:0,mxmlSetComment
FNDA:0,mxmlSetCommentf
FNDA:0,mxmlSetCustom
FNDA:0,mxmlSetDeclaration
FNDA:0,mxmlSetCDATA
FNDA:0,mxmlSetDeclarationf
FNDA:0,mxmlSetDirective
FNDA:0,mxmlSetDirectivef
FNDA:0,mxmlSetElement
FNDA:0,mxmlSetInteger
FNDA:0,mxmlSetOpaque
FNDA:0,mxmlSetOpaquef
FNDA:0,mxmlSetReal
FNDA:0,mxmlSetText
FNDA:0,mxmlSetTextf
FNDA:0,mxmlSetUserData
FNDA:0,mxmlSetCDATAf
FNF:17
FNH:0
DA:23,0
DA:30,0
DA:31,0
DA:33,0
DA:34,0
DA:35,0
DA:36,0
DA:38,0
DA:41,0
DA:45,0
DA:46,0
DA:48,0
DA:49,0
DA:51,0
DA:63,0
DA:73,0
DA:74,0
DA:76,0
DA:77,0
DA:78,0
DA:79,0
DA:82,0
DA:83,0
DA:84,0
DA:86,0
DA:87,0
DA:89,0
DA:90,0
DA:92,0
DA:103,0
DA:110,0
DA:111,0
DA:113,0
DA:114,0
DA:115,0
DA:116,0
DA:118,0
DA:119,0
DA:122,0
DA:123,0
DA:125,0
DA:126,0
DA:128,0
DA:139,0
DA:149,0
DA:150,0
DA:152,0
DA:153,0
DA:154,0
DA:155,0
DA:158,0
DA:159,0
DA:160,0
DA:162,0
DA:163,0
DA:165,0
DA:166,0
DA:168,0
DA:181,0
DA:188,0
DA:189,0
DA:191,0
DA:192,0
DA:194,0
DA:195,0
DA:198,0
DA:199,0
DA:201,0
DA:203,0
DA:205,0
DA:206,0
DA:208,0
DA:219,0
DA:227,0
DA:228,0
DA:230,0
DA:231,0
DA:232,0
DA:233,0
DA:235,0
DA:236,0
DA:239,0
DA:240,0
DA:242,0
DA:243,0
DA:245,0
DA:256,0
DA:266,0
DA:267,0
DA:269,0
DA:270,0
DA:271,0
DA:272,0
DA:275,0
DA:276,0
DA:277,0
DA:279,0
DA:280,0
DA:282,0
DA:283,0
DA:285,0
DA:296,0
DA:303,0
DA:304,0
DA:306,0
DA:307,0
DA:308,0
DA:309,0
DA:311,0
DA:312,0
DA:315,0
DA:316,0
DA:318,0
DA:319,0
DA:321,0
DA:333,0
DA:343,0
DA:344,0
DA:346,0
DA:347,0
DA:348,0
DA:349,0
DA:352,0
DA:353,0
DA:354,0
DA:356,0
DA:357,0
DA:359,0
DA:360,0
DA:362,0
DA:374,0
DA:381,0
DA:382,0
DA:383,0
DA:384,0
DA:386,0
DA:387,0
DA:390,0
DA:391,0
DA:393,0
DA:394,0
DA:396,0
DA:408,0
DA:412,0
DA:413,0
DA:415,0
DA:416,0
DA:419,0
DA:421,0
DA:433,0
DA:440,0
DA:441,0
DA:443,0
DA:444,0
DA:445,0
DA:446,0
DA:448,0
DA:449,0
DA:452,0
DA:453,0
DA:455,0
DA:456,0
DA:458,0
DA:470,0
DA:480,0
DA:481,0
DA:483,0
DA:484,0
DA:485,0
DA:486,0
DA:489,0
DA:490,0
DA:491,0
DA:493,0
DA:494,0
DA:496,0
DA:497,0
DA:499,0
DA:511,0
DA:515,0
DA:516,0
DA:518,0
DA:519,0
DA:522,0
DA:524,0
DA:536,0
DA:544,0
DA:545,0
DA:547,0
DA:548,0
DA:549,0
DA:550,0
DA:552,0
DA:554,0
DA:555,0
DA:559,0
DA:560,0
DA:562,0
DA:564,0
DA:565,0
DA:567,0
DA:579,0
DA:590,0
DA:591,0
DA:593,0
DA:594,0
DA:595,0
DA:596,0
DA:599,0
DA:600,0
DA:601,0
DA:603,0
DA:604,0
DA:606,0
DA:608,0
DA:609,0
DA:611,0
DA:620,0
DA:624,0
DA:625,0
DA:628,0
DA:629,0
LF:222
LH:0
end_of_record
